<?xml version="1.0" encoding="UTF-8"?>
<testsuite xmlns:xsi="http://www.w3.org/2001/XMLSchema-instance" xsi:noNamespaceSchemaLocation="https://maven.apache.org/surefire/maven-surefire-plugin/xsd/surefire-test-report-3.0.xsd" version="3.0" name="com.notification.service.UserServiceTest" time="0.153" tests="5" errors="0" skipped="0" failures="0">
  <properties>
[...]
</properties>
  <testcase name="getUserById_success_returnsOptionalUser" classname="com.notification.service.UserServiceTest" time="0.128"/>
  <testcase name="getUserEmail_success_mapsFromUser" classname="com.notification.service.UserServiceTest" time="0.005"/>
  <testcase name="getUserWithFallback_whenUserPresent_returnsRealUser" classname="com.notification.service.UserServiceTest" time="0.004"/>
  <testcase name="getUserById_serverError_returnsEmpty" classname="com.notification.service.UserServiceTest" time="0.01">
    <system-out><![CDATA[2026-01-06T12:51:31.565+05:30 ERROR 83491 --- [notification-service] [           main] com.notification.service.UserService     : Failed to fetch user u1 from auth-service: 500 Internal Server Error: [no body]
]]></system-out>
  </testcase>
  <testcase name="getUserWithFallback_whenServiceFails_returnsFallbackUser" classname="com.notification.service.UserServiceTest" time="0.004">
    <system-out><![CDATA[2026-01-06T12:51:31.569+05:30 ERROR 83491 --- [notification-service] [           main] com.notification.service.UserService     : Failed to fetch user u1 from auth-service: 500 Internal Server Error: [no body]
]]></system-out>
  </testcase>
</testsuite>